

Version:	3.50
CmdLine:	C:\Users\Renz\OneDrive\Documents\GitHub\TICTACPROG\TICTACPROG.exe --l4j-debug
JNI:		No
WOW64:		Yes
Working dir:	C:\Users\Renz\OneDrive\Documents\GitHub\TICTACPROG\.
Requires JDK:	Yes
Requires 64-Bit: Yes
Java min ver:	1.018.000
Java max ver:	
Substitute:	JAVA_HOME = C:\Program Files\Java\jdk-24
Substitute:	PATH = C:\Program Files\Java\jdk-24\bin;C:\Program Files (x86)\NVIDIA Corporation\PhysX\Common;C:\WINDOWS\system32;C:\WINDOWS;C:\WINDOWS\System32\Wbem;C:\WINDOWS\System32\WindowsPowerShell\v1.0\;C:\WINDOWS\System32\OpenSSH\;C:\MinGW\bin;C:\Program Files\Java\jre1.8.0_361\bin;E:\Program Files\Git\cmd;C:\Program Files\dotnet\;C:\Program Files (x86)\dotnet\;C:\Program Files\Microsoft SQL Server\150\Tools\Binn\;C:\ProgramData\chocolatey\bin;C:\xampp\php;C:\xampp;C:\Program Files\nodejs\;C:\Users\Renz\AppData\Local\Programs\Python\Python313\Scripts\;C:\Users\Renz\AppData\Local\Programs\Python\Python313\;C:\Users\Renz\AppData\Local\Programs\Python\Launcher\;C:\Program Files\RedHat\java-17-openjdk-17.0.5.0.8-2\bin;C:\Users\Renz\.dotnet\tools;C:\Users\Renz\AppData\Local\Microsoft\WindowsApps;C:\Users\Renz\AppData\Local\GitHubDesktop\bin;E:\game files\Microsoft VS Code\bin;C:\Program Files\heroku\bin;C:\Users\Renz\AppData\Roaming\Composer\vendor\bin;C:\Users\Renz\AppData\Roaming\npm;C:\Program Files\Java\jdk-24\bin;;C:\Program Files\Java\jdk-24\bin
JRE paths:	C:\Program Files\Java\jdk-24;C:\Program Files\Java\jdk-24\bin;C:\Program Files (x86)\NVIDIA Corporation\PhysX\Common;C:\WINDOWS\system32;C:\WINDOWS;C:\WINDOWS\System32\Wbem;C:\WINDOWS\System32\WindowsPowerShell\v1.0\;C:\WINDOWS\System32\OpenSSH\;C:\MinGW\bin;C:\Program Files\Java\jre1.8.0_361\bin;E:\Program Files\Git\cmd;C:\Program Files\dotnet\;C:\Program Files (x86)\dotnet\;C:\Program Files\Microsoft SQL Server\150\Tools\Binn\;C:\ProgramData\chocolatey\bin;C:\xampp\php;C:\xampp;C:\Program Files\nodejs\;C:\Users\Renz\AppData\Local\Programs\Python\Python313\Scripts\;C:\Users\Renz\AppData\Local\Programs\Python\Python313\;C:\Users\Renz\AppData\Local\Programs\Python\Launcher\;C:\Program Files\RedHat\java-17-openjdk-17.0.5.0.8-2\bin;C:\Users\Renz\.dotnet\tools;C:\Users\Renz\AppData\Local\Microsoft\WindowsApps;C:\Users\Renz\AppData\Local\GitHubDesktop\bin;E:\game files\Microsoft VS Code\bin;C:\Program Files\heroku\bin;C:\Users\Renz\AppData\Roaming\Composer\vendor\bin;C:\Users\Renz\AppData\Roaming\npm;C:\Program Files\Java\jdk-24\bin;;C:\Program Files\Java\jdk-24\bin
Check launcher:	C:\Program Files\Java\jdk-24\bin\javaw.exe (OK)
Check javac:	C:\Program Files\Java\jdk-24\bin\javac.exe (OK)
Version string: 1.024.000_001 / 64-Bit (OK)
Launcher:	C:\Program Files\Java\jdk-24\bin\javaw.exe
Launcher args:	-jar "C:\Users\Renz\OneDrive\Documents\GitHub\TICTACPROG\TICTACPROG.exe"
Args length:	72/32768 chars
Exit code:	0


Version:	3.50
CmdLine:	C:\Users\Renz\OneDrive\Documents\GitHub\TICTACPROG\TICTACPROG.exe --l4j-debug
JNI:		No
WOW64:		Yes
Working dir:	C:\Users\Renz\OneDrive\Documents\GitHub\TICTACPROG\.
Requires JDK:	Yes
Requires 64-Bit: Yes
Java min ver:	1.018.000
Java max ver:	
Substitute:	JAVA_HOME = C:\Program Files\Java\jdk-24
Substitute:	PATH = C:\Program Files\Java\jdk-24\bin;C:\Program Files (x86)\NVIDIA Corporation\PhysX\Common;C:\WINDOWS\system32;C:\WINDOWS;C:\WINDOWS\System32\Wbem;C:\WINDOWS\System32\WindowsPowerShell\v1.0\;C:\WINDOWS\System32\OpenSSH\;C:\MinGW\bin;C:\Program Files\Java\jre1.8.0_361\bin;E:\Program Files\Git\cmd;C:\Program Files\dotnet\;C:\Program Files (x86)\dotnet\;C:\Program Files\Microsoft SQL Server\150\Tools\Binn\;C:\ProgramData\chocolatey\bin;C:\xampp\php;C:\xampp;C:\Program Files\nodejs\;C:\Users\Renz\AppData\Local\Programs\Python\Python313\Scripts\;C:\Users\Renz\AppData\Local\Programs\Python\Python313\;C:\Users\Renz\AppData\Local\Programs\Python\Launcher\;C:\Program Files\RedHat\java-17-openjdk-17.0.5.0.8-2\bin;C:\Users\Renz\.dotnet\tools;C:\Users\Renz\AppData\Local\Microsoft\WindowsApps;C:\Users\Renz\AppData\Local\GitHubDesktop\bin;E:\game files\Microsoft VS Code\bin;C:\Program Files\heroku\bin;C:\Users\Renz\AppData\Roaming\Composer\vendor\bin;C:\Users\Renz\AppData\Roaming\npm;C:\Program Files\Java\jdk-24\bin;;C:\Program Files\Java\jdk-24\bin
JRE paths:	C:\Program Files\Java\jdk-24;C:\Program Files\Java\jdk-24\bin;C:\Program Files (x86)\NVIDIA Corporation\PhysX\Common;C:\WINDOWS\system32;C:\WINDOWS;C:\WINDOWS\System32\Wbem;C:\WINDOWS\System32\WindowsPowerShell\v1.0\;C:\WINDOWS\System32\OpenSSH\;C:\MinGW\bin;C:\Program Files\Java\jre1.8.0_361\bin;E:\Program Files\Git\cmd;C:\Program Files\dotnet\;C:\Program Files (x86)\dotnet\;C:\Program Files\Microsoft SQL Server\150\Tools\Binn\;C:\ProgramData\chocolatey\bin;C:\xampp\php;C:\xampp;C:\Program Files\nodejs\;C:\Users\Renz\AppData\Local\Programs\Python\Python313\Scripts\;C:\Users\Renz\AppData\Local\Programs\Python\Python313\;C:\Users\Renz\AppData\Local\Programs\Python\Launcher\;C:\Program Files\RedHat\java-17-openjdk-17.0.5.0.8-2\bin;C:\Users\Renz\.dotnet\tools;C:\Users\Renz\AppData\Local\Microsoft\WindowsApps;C:\Users\Renz\AppData\Local\GitHubDesktop\bin;E:\game files\Microsoft VS Code\bin;C:\Program Files\heroku\bin;C:\Users\Renz\AppData\Roaming\Composer\vendor\bin;C:\Users\Renz\AppData\Roaming\npm;C:\Program Files\Java\jdk-24\bin;;C:\Program Files\Java\jdk-24\bin
Check launcher:	C:\Program Files\Java\jdk-24\bin\javaw.exe (OK)
Check javac:	C:\Program Files\Java\jdk-24\bin\javac.exe (OK)
Version string: 1.024.000_001 / 64-Bit (OK)
Launcher:	C:\Program Files\Java\jdk-24\bin\javaw.exe
Launcher args:	-jar "C:\Users\Renz\OneDrive\Documents\GitHub\TICTACPROG\TICTACPROG.exe"
Args length:	72/32768 chars
Exit code:	0


Version:	3.50
CmdLine:	C:\Users\Renz\OneDrive\Documents\GitHub\TICTACPROG\TICTACPROG.exe --l4j-debug
JNI:		No
WOW64:		Yes
Working dir:	C:\Users\Renz\OneDrive\Documents\GitHub\TICTACPROG\.
Requires JDK:	Yes
Requires 64-Bit: Yes
Java min ver:	1.018.000
Java max ver:	
Substitute:	JAVA_HOME = C:\Program Files\Java\jdk-24
Substitute:	PATH = C:\Program Files\Java\jdk-24\bin;C:\Program Files (x86)\NVIDIA Corporation\PhysX\Common;C:\WINDOWS\system32;C:\WINDOWS;C:\WINDOWS\System32\Wbem;C:\WINDOWS\System32\WindowsPowerShell\v1.0\;C:\WINDOWS\System32\OpenSSH\;C:\MinGW\bin;C:\Program Files\Java\jre1.8.0_361\bin;E:\Program Files\Git\cmd;C:\Program Files\dotnet\;C:\Program Files (x86)\dotnet\;C:\Program Files\Microsoft SQL Server\150\Tools\Binn\;C:\ProgramData\chocolatey\bin;C:\xampp\php;C:\xampp;C:\Program Files\nodejs\;C:\Users\Renz\AppData\Local\Programs\Python\Python313\Scripts\;C:\Users\Renz\AppData\Local\Programs\Python\Python313\;C:\Users\Renz\AppData\Local\Programs\Python\Launcher\;C:\Program Files\RedHat\java-17-openjdk-17.0.5.0.8-2\bin;C:\Users\Renz\.dotnet\tools;C:\Users\Renz\AppData\Local\Microsoft\WindowsApps;C:\Users\Renz\AppData\Local\GitHubDesktop\bin;E:\game files\Microsoft VS Code\bin;C:\Program Files\heroku\bin;C:\Users\Renz\AppData\Roaming\Composer\vendor\bin;C:\Users\Renz\AppData\Roaming\npm;C:\Program Files\Java\jdk-24\bin;;C:\Program Files\Java\jdk-24\bin
JRE paths:	C:\Program Files\Java\jdk-24;C:\Program Files\Java\jdk-24\bin;C:\Program Files (x86)\NVIDIA Corporation\PhysX\Common;C:\WINDOWS\system32;C:\WINDOWS;C:\WINDOWS\System32\Wbem;C:\WINDOWS\System32\WindowsPowerShell\v1.0\;C:\WINDOWS\System32\OpenSSH\;C:\MinGW\bin;C:\Program Files\Java\jre1.8.0_361\bin;E:\Program Files\Git\cmd;C:\Program Files\dotnet\;C:\Program Files (x86)\dotnet\;C:\Program Files\Microsoft SQL Server\150\Tools\Binn\;C:\ProgramData\chocolatey\bin;C:\xampp\php;C:\xampp;C:\Program Files\nodejs\;C:\Users\Renz\AppData\Local\Programs\Python\Python313\Scripts\;C:\Users\Renz\AppData\Local\Programs\Python\Python313\;C:\Users\Renz\AppData\Local\Programs\Python\Launcher\;C:\Program Files\RedHat\java-17-openjdk-17.0.5.0.8-2\bin;C:\Users\Renz\.dotnet\tools;C:\Users\Renz\AppData\Local\Microsoft\WindowsApps;C:\Users\Renz\AppData\Local\GitHubDesktop\bin;E:\game files\Microsoft VS Code\bin;C:\Program Files\heroku\bin;C:\Users\Renz\AppData\Roaming\Composer\vendor\bin;C:\Users\Renz\AppData\Roaming\npm;C:\Program Files\Java\jdk-24\bin;;C:\Program Files\Java\jdk-24\bin
Check launcher:	C:\Program Files\Java\jdk-24\bin\javaw.exe (OK)
Check javac:	C:\Program Files\Java\jdk-24\bin\javac.exe (OK)
Version string: 1.024.000_001 / 64-Bit (OK)
Main class:	MainFrame
Info:		Classpath not defined.
Launcher:	C:\Program Files\Java\jdk-24\bin\javaw.exe
Launcher args:	-classpath "C:\Users\Renz\OneDrive\Documents\GitHub\TICTACPROG\TICTACPROG.exe" MainFrame
Args length:	88/32768 chars
Exit code:	0
